[2017-05-27 04:16:37,526] [INFO ]: ==========================================================================
[2017-05-27 04:16:37,542] [INFO ]: WELCOME TO ADDON BUILDER
[2017-05-27 04:16:37,558] [INFO ]: Version: 1.5.141632
[2017-05-27 04:16:37,558] [INFO ]: ==========================================================================
[2017-05-27 04:16:37,558] [INFO ]: 
[2017-05-27 04:16:37,558] [INFO ]: Arma 3 Tools path retrived from Steam client: 'E:\Programme\Games\Steam\steamapps\common\Arma 3 Tools'.
[2017-05-27 04:16:37,620] [INFO ]: --------------------
[2017-05-27 04:16:37,620] [INFO ]:        Binarize -      found: 'E:\Programme\Games\Steam\steamapps\common\Arma 3 Tools\Binarize\binarize.exe'.
[2017-05-27 04:16:37,620] [INFO ]:      CfgConvert -      found: 'E:\Programme\Games\Steam\steamapps\common\Arma 3 Tools\CfgConvert\CfgConvert.exe'.
[2017-05-27 04:16:37,620] [INFO ]:      DsSignFile -      found: 'E:\Programme\Games\Steam\steamapps\common\Arma 3 Tools\DSSignFile\DSSignFile.exe'.
[2017-05-27 04:16:37,620] [INFO ]:        FileBank -      found: 'E:\Programme\Games\Steam\steamapps\common\Arma 3 Tools\FileBank\FileBank.exe'.
[2017-05-27 04:16:37,620] [INFO ]: --------------------
[2017-05-27 04:16:37,651] [INFO ]: Builder starting...
[2017-05-27 04:16:37,651] [INFO ]: Syncing folders... [source]=E:\Programme\Games\Steam\steamapps\common\Arma 3\ZGM_Achilles_Collection\ZGM-17_Achilles_Blufor.Chernarus, [sync]=C:\Users\Sebastian Wellig\AppData\Local\Temp\zgm-17_achilles_blufor.chernarus
[2017-05-27 04:16:37,651] [INFO ]: Done.
[2017-05-27 04:16:37,667] [INFO ]: 
[2017-05-27 04:16:37,667] [INFO ]: Converting configs ...
[2017-05-27 04:16:37,761] [INFO ]:  - Converting cfg "C:\Users\Sebastian Wellig\AppData\Local\Temp\zgm-17_achilles_blufor.chernarus\config.txt"
[2017-05-27 04:16:39,997] [INFO ]: Converting done.
[2017-05-27 04:16:40,028] [INFO ]: Done.
[2017-05-27 04:16:40,028] [INFO ]: 
[2017-05-27 04:16:40,028] [INFO ]: Bina[2017-[2017-05-27 04:16:57,232] [INFO ]: Done.
[2017-05-27 04:16:57,232] [INFO ]: 
[2017-05-27 04:16:57,232] [INFO ]: Deleting empty folders in "C:\Users\Sebastian Wellig\AppData\Local\Temp\zgm-17_achilles_blufor.stratis"
[2017-05-27 04:16:57,232] [INFO ]: Done.
[2017-05-27 04:16:57,248] [INFO ]: 
[2017-05-27 04:16:57,248] [INFO ]: Binarizing texture headers...
[2017-05[2017-05-27 04:16:58,829] [INFO ]: Done.
[2017-05-27 04:16:58,829] [INFO ]: 
[2017-05-27 04:16:58,829] [INFO ]: Packing "C:\Users\Sebastian Wellig\AppData\Local\Temp\zgm-17_achilles_blufor.chern[2017-05-2[2017-05-27 04:16:59,732] [INFO ]: Done.
[2017-05-27 04:16:59,732] [INFO ]: 
[2017-05-27 04:16:59,732] [INFO ]: Copying PBO. [source]=C:\Users\Sebastian Wellig\AppData\Local\Temp\ZGM-17_Achilles_Blufor.Chernarus.pbo, [dest]=E:\Programme\Games\Steam\steamapps\common\Arma 3\ZGM_Achilles_Collection\ZGM-17_Achilles_Blufor.Chernarus.pbo
[2017-05-27 04:16:59,748] [INFO ]: Done.
[2017-05-27 04:16:59,748] [INFO ]: 
[2017-05-27 04:16:59,748] [INFO ]: BuilSetting breakpad minidump AppID = 233800
Steam_SetMinidumpSteamID:  Caching Steam ID:  76561198313323281 [API loaded no]
I loaded no]
8313323281 [API loaded no]
16:45,640] [INFO ]: --------------------
[2017-05-27 04:16:45,640] [INFO ]: Builder starting...
[2017-05-27 04:16:45,640] [INFO ]: Syncing folders... [source]=E:\Programme\Games\Steam\steamapps\common\Arma 3\ZGM_Achilles_Collection\ZGM-17_Achilles_Blufor.Intro, [sync]=C:\Users\Sebastian Wellig\AppData\Local\Temp\zgm-17_achilles_blufor.intro[2[2017-05-27 04:16:45,656] [INFO ]: Done.
[2017-05-27 04:16:45,656] [INFO ]: 
[2017-05-27 04:16:45,656] [INFO [2017-05-27 04:16:57,248] [INFO ]: Done.
[2017-05-27 04:16:57,248] [INFO ]: 
[2017-05-27 04:16:57,248] [INFO ]: Deleting empty folders in "C:\Users\Sebastian Wellig\AppData\Local\Temp\zgm-17_achilles_blufor.cain"
[2017-05-27 04:16:57,248] [INFO ]: Done.
[2017-05-27 04:16:57,248] [INFO ]: 
[2017-05-27 04:16:57,248] [INFO ]: Binarizing texture headers...
[2017-05-27 04:16:58,844] [INFO ]: Done.
[2017-05-27 04:16:58,844] [INFO ]: 
[2017-05-27 04:16:58,860] [INFO ]: Packing "C:\Users\Sebastian Wellig\AppData\Local\Temp\zgm-17_achilles_blufor.cain"...
[2017-05-27 04:16:59,717] [INFO ]: Done.
[2017-05-27 04:16:59,717] [INFO ]: 
[2017-05-27 04:16:59,717] [INFO ]: Copying PBO. [source]=C:\Users\Sebastian Wellig\AppData\Local\Temp\ZGM-17_Achilles_Blufor.cain.pbo, [dest]=E:\Programme\Games\Steam\steamapps\common\Arma 3\ZGM_Achilles_Collection\ZGM-17_Achilles_Blufor.cain.pbo
[2017-05-27 04:16:59,732] [INFO ]: Done.
[2017-05-27 04:16:59,732] [INFO ]: 
[2017-05-27 [2017-05-27 04:16:59,732] [INFO ]: Done.Setting breakpad minidump AppID = 233800
Steam_SetMinidumpSteamID:  Caching Steam ID:  76561198313323281 [API loaded no]
pData\Local\Temp\ZGM-17_Achilles_Blufor.ProvingGrounds_PMC.pbo, [dest]=E:\Programme\Games\Steam\steamapps\common\Arma 3\ZGM_Achilles_Collection\ZGM-17_Achilles_Blufor.ProvingGrounds_PMC.pbo
[2017-05-27 04:16:59,795] [INFO ]:SettingSetting breakpad minidump AppID = 233800
Steam_SetMinidumpSteamID:  Caching Steam ID:  76561198313323281 [API loaded no]
= 233800
Steam_SetMinidumpSteamID:  Caching Steam ID:  76561198313323281 [API loaded no]
=======================================
[2017-05-27 04:16:59,795] [INFO ]: WELCOME TO ADDON BUILDER
[2017-05-27 04:16:59,811] [INFO ]: Version: 1.5.141632
[2017-05-27 04:16:59,811] [INFO ]: ==========================================================================
[2017-05-27 04:16:59,811] [INFO ]: 
[2017-05-27 04:16:59,811] [INFO ]: Arma 3 Tools path retrived from Steam client: 'E:\Programme\Games\Steam\steamapps\common\Arma 3 Tools'.
[2017-05-27 04:16:59,857] [INFO ]: --------------------
[2017-05-27 04:16:59,857] [INFO ]:        Binarize -      found: 'E:\Programme\Games\Steam\steamapps\common\Arma 3 Tools\Binarize\binarize.exe'.
[2017-05-27 04:16:59,857] [INFO ]:      CfgConvert -      found: 'E:\Programme\Games\Steam\steamapps\common\Arma 3 Tools\CfgConvert\CfgConvert.exe'.
[2017-05-27 04:16:59,857] [INFO ]:      DsSignFile -      found: 'E:\Programme\Games\Steam\steamapps\common\Arma 3 Tools\DSSignFile\DSSignFile.exe'.
[2017-05-27 04:16:59,857] [INFO ]:        FileBank -      found: 'E:\Programme\Games\Steam\steamapps\common\Arma 3 Tools\FileBank\FileBank.exe'.
[2017-05-27 04:16:59,857] [INFO ]: --------------------
[2017-05-27 04:16:59,889] [INFO ]: Builder starting...
[2017-05-27 04:16:59,904] [INFO ]: Syncing folders... [source]=E:\Programme\Games\Steam\steamapps\common\Arma 3\ZGM_Achilles_Collection\ZGM-17_Achilles_Blufor.Mountains_ACR, [sync]=C:\Users\Sebastian Wellig\AppData\Local\Temp\zgm-17_achilles_blufor.mountains_acr
[2017-05-27 04:16:59,904] [INFO ]: Done.
[2017-05-27 04:16:59,904] [INFO ]: 
[2017-05-27 04:16:59,920] [INFO ]: Converting configs ...
[2017-05-27 04:16:59,967] [INFO ]:  - Converting cfg "C:\Users\Sebastian Wellig\AppData\Local\Temp\zgm-17_achilles_blufor.mountains_acr\config.txt"
[2017-05-27 04:17:00,295] [INFO ]: Converting done.
[2017-05-27 04:17:00,295] [INFO ]: Done.
[2017-05-27 04:17:00,295] [INFO ]: 
[2017-05[2017-[2017-05-27 04:17:04,698] [INFO ]: D[2017-05-27 04:17:04,698] [INFO ]: 
[2017-05-27 04:17:04,698] [INFO ]: Deleting empty folders in "C:\Users\Sebastian Wellig\AppData\Local\Temp\zgm-17_achilles_blufor.saralite"
[2017-05-27 04:17:04,698] [INFO ]: Done.
[2017-05-27 04:17:04,698] [INFO ]: 
[2017-05-27 04:17:04,698] [INFO ]: Binarizing texture headers...
[2017-05[2017-05-27 04:17:05,026] [INFO ]: Done.[2017-05-27 04:17:05,104] [INFO ]: Done.
[2017-05-27 04:17:05,104] [INFO ]: 
[2017-05-27 04:17:05,104] [INFO ]: Packing "C:\Users\Sebastian Wellig\AppData\Local\Temp[2017-05-27 04:17:05,120] [INFO ]: Done.
[[2017-05-27 04:17:05,198] [INFO ]: Done.
[2017-05-27 04:17:05,198] [INFO ]: 
[2017-05-27 04:17:05,198] [INFO ]: Copying PBO. [source]=C:\Users\Sebastian Wellig\AppData\Local\Temp\ZGM-17_Achilles_Blufor.Mountains_ACR.pbo, [dest]=E:\Programme\Games\Steam\steamapps\common\Arma 3\ZGM_Achilles_Collection\ZGM-17_Achilles_Blufor.Mountains_ACR.pbo
[2017-05-27 04:17:05,198] [INFO ]: Done.
[2017-05-27 04:17:05,198] [INFO ]: 
[2017-05-27 04:17:05,198] [INFO ]: Build Successful
Setting breakpad minidump AppID = 233800
Steam_SetMinidumpSteamID:  Caching Steam ID:  76561198313323281 [API loaded no]
---
[2017-05-27 04:17:03,847] [INFO ]: Builder starting...
[2017-05-27 04:17:03,862] [INFO ]: Syncing folders... [source]=E:\Programme\Games\Steam\steamapps\common\Arma 3\ZGM_Achilles_Collection\ZGM-17_Achilles_Blufor.Zargabad, [sync]=C:\Users\Sebastian Wellig\AppData\Local\Temp\zgm-17_achilles_blufor.zargabad
[2017-05-27 04:17:03,862] [INFO ]: Done.
[2017-05-27 04:17:03,862] [INFO ]: 
[2017-05-27 04:17:03,862] [INFO ]: Converting configs ...
[2017-05-27 04:17:03,925] [INFO ]:  - Converting cfg "C:\Users\Sebastian Wellig\AppData\Local\Temp\zgm-17_achilles_blufor.zargabad\config.txt"
[2017-05-27 04:17:04,034] [INFO ]: Converting done.
[2017-05-27 04:17:04,034] [INFO ]: Done.
[2017-05-27 04:17:04,034] [INFO ]: 
[2017-05-27 04:17:04,034] [INFO ]: Bina[2017-05-27 [2017-05-27 04:17:05,774] [INFO ]: Done.
[2017-05-27 04:17:05,774] [INFO ]: 
[2017-05-27 04:17:05,774] [INFO ]: Deleting empty folders in "C:\Users\Sebastian Wellig\AppData\Local\Temp\zgm-17_achilles_blufor.zargabad"
[2017-05-27 04:17:05,774] [INFO ]: Done.
[2017-05-27 04:17:05,774] [INFO ]: 
[2017-05-27 04:17:05,774] [INFO ]: Binarizing texture headers...
[2017-05-27 04:17:05,883] [INFO ]: Done.
[2017-05-27 04:17:05,883] [INFO ]: 
[2017-05-27 04:17:05,883] [INFO ]: Packing "C:\Users\Sebastian Wellig\AppData\Local\Temp\zgm-17_achilles_blufor.zargabad"...
[2017-05-27 04:17:05,946] [INFO ]: Done.
[2017-05-27 04:17:05,946] [INFO ]: 
[2017-05-27 04:17:05,946] [INFO ]: Copying PBO. [source]=C:\Users\Sebastian Wellig\AppData\Local\Temp\ZGM-17_Achilles_Blufor.Zargabad.pbo, [dest]=E:\Programme\Games\Steam\steamapps\common\Arma 3\ZGM_Achilles_Collection\ZGM-17_Achilles_Blufor.Zargabad.pbo
[2017-05-27 04:17:05,961] [INFO ]: Done.
[2017-05-27 04:17:05,961] [INFO ]: 
[2017-05-27 04:17:05,961] [INFO ]: Build Successful
Setting breakpad minidump AppID = 233800
Steam_SetMinidumpSteamID:  Caching Steam ID:  76561198313323281 [API loaded no]
d no]
[2017-05-27 04:17:12,291] [INFO ]: ==========================================================================
[2017-05-27 04:17:12,307] [INFO ]: WELCOME TO ADDON BUILDER
[2017-05-27 04:17:12,432] [INFO ]: Version: 1.5.141632
[2017-05-27 04:17:12,523] [INFO ]: ==========================================================================
[2017-05-27 04:17:12,523] [INFO ]: 
[2017-05-27 04:17:12,523] [INFO ]: Arma 3 Tools path retrived from Steam client: 'E:\Programme\Games\Steam\steamapps\common\Arma 3 Tools'.
[2017-05-27 04:17:12,632] [INFO ]: --------------------
[2017-05-27 04:17:12,632] [INFO ]:        Binarize -      found: 'E:\Programme\Games\Steam\steamapps\common\Arma 3 Tools\Binarize\binarize.exe'.
[2017-05-27 04:17:12,632] [INFO ]:      CfgConvert -      found: 'E:\Programme\Games\Steam\steamapps\common\Arma 3 Tools\CfgConvert\CfgConvert.exe'.
[2017-05-27 04:17:12,632] [INFO ]:      DsSignFile -      found: 'E:\Programme\Games\Steam\steamapps\common\Arma 3 Tools\DSSignFile\DSSignFile.exe'.
[2017-05-27 04:17:12,632] [INFO ]:        FileBank -      found: 'E:\Programme\Games\Steam\steamapps\common\Arma 3 Tools\FileBank\FileBank.exe'.
[2017-05-27 04:17:12,632] [INFO ]: --------------------
[2017-05-27 04:17:12,648] [INFO ]: Builder starting...
[2017-05-27 04:17:16,217] [INFO ]: ==========================================================================
[2017-05-27 04:17:16,233] [INFO ]: WELCOME TO ADDON BUILDER
[2017-05-27 04:17:16,248] [INFO ]: Version: 1.5.141632
[2017-05-27 04:17:16,248] [INFO ]: ==========================================================================
[2017-05-27 04:17:16,248] [INFO ]: 
[2017-05-27 04:17:16,248] [INFO ]: Arma 3 Tools path retrived from Steam client: 'E:\Programme\Games\Steam\steamapps\common\Arma 3 Tools'.
[2017-05-27 04:17:16,280] [IN[2017-05-27 04:17:20,512] [INFO ]: ==========================================================================
[2017-05-27 04:17:20,528] [INFO ]: WELCOME TO ADDON[2017-[2017-05-27 04:17:41,486] [INFO ]: Done.
[2017-05-27 04:17:41,486] [INFO ]: 
[2017-05-27 04:17:41,486] [INFO ]: Deleting empty folders in "C:\Users\Sebastian Wellig\AppData\Local\Temp\zgm-17_achilles_opfor.stratis"
[2017-05-27 04:17:41,486] [INFO ]: Done.
[2017-05-27 04:17:41,486] [INFO ]: 
[2017-05-27 04:17:41,501] [INFO ]: Binarizing texture headers...
[2017-05-27 04:17:42,392] [INFO ]: Done.
[2017-05-27 04:17:42,392] [INFO ]: 
[2017-05-27 04:17:42,392] [INFO ]: Packing "C:\Users\Sebastian Wellig\AppData\Local\Temp\zgm-17_achilles_opfor.stratis"...
[2017-05-27 04:17:42,642] [INFO ]: Done.
[2017-05-27 04:17:42,658] [INFO ]: 
[2017-05-27 04:17:42,658] [INFO ]: Copying PBO. [source]=C:\Users\Sebastian Wellig\AppData\Local\Temp\ZGM-17_Achilles_Opfor.Stratis.pbo, [dest]=E:\Programme\Games\Steam\steamapps\common\Arma 3\ZGM_Achilles_Collection\ZGM-17_Achilles_Opfor.Stratis.pbo
[2017-05-27 04:17:42,658] [INFO ]: Done.
[2017-05-27 04:17:42,658] [INFO ]: 
[2017-05-27 04:17:42,658] [INFO ]: Build Successful
Setting breakpad minidump AppID = 233800
Steam_SetMinidumpSteamID:  Caching Steam ID:  76561198313323281 [API loaded no]
76561198313323281 [API loaded no]
ames\Steam\steamapps\common\Arma 3\ZGM_Achilles_Collection\ZGM-17_Achilles_Opfor.Chernarus, [sync]=C:\User[2017-05-27 04:17:41,470] [INFO ]: Done.
[2017-05-27 04:17:41,470] [INFO ]: 
[2017-05-27 04:17:41,470] [INFO ]: Deleting empty folders in "C:\Users\Sebastian Wellig\AppData\Local\Temp\zgm-17_achilles_opfor.woodland_acr"
[2017-05-27 04:17:41,470] [INFO ]: Done.
[2017-05-27 04:17:41,470] [INFO ]: 
[2017-05-27 04:17:41,470] [INFO ]: Binarizing texture headers...
[2017-05-27 04:17:41,798] [INFO ]: Done.
[2017-05-27 04:17:41,798] [INFO ]: 
[2017-05-27 04:17:41,798] [INFO ]: Packing "C:\Users\Sebastian Wellig\AppData\Local\Temp\zgm-17_achilles_opfor.woodland_acr"...
[2017-05-27 04:17:42,486] [INFO ]: Done.
[2017-05-27 04:17:42,486] [INFO ]: 
[2017-05-27 04:17:42,486] [INFO ]: Copying PBO. [source]=C:\Users\Sebastian Wellig\AppData\Local\Temp\ZGM-17_Achilles_Opfor.Woodland_ACR.pbo, [dest]=E:\Programme\Games\Steam\steamapps\common\Arma 3\ZGM_Achilles_Collection\ZGM-17_Achilles_Opfor.Woodland_ACR.pbo
[2017-05-27 04:17:42,486] [INFO ]: Done.
[2017-05-27 04:17:42,486] [INFO ]: 
[2017-05-27 04:17:42,501] [INFO ]: Build Successful
Setting breakpad minidump AppID = 233800
Steam_SetMinidumpSteamID:  Caching Steam ID:  76561198313323281 [API loaded no]
: Packing "C:\Users\Sebastian Wellig\AppData\Local\Temp\zgm-17_achilles_op[2017-05-27 0[20[2017-05-27 04:17:43,178] [INFO ]: Done.
[2017-05-27 04:17:43,178] [INFO ]: 
[2017-05-27 04:17:43,178] [INFO ]: Copying PBO. [source]=C:\Users\Sebastian Wellig\AppData\Local\Temp\ZGM-17_Achilles_Opfor.ProvingGrounds_PMC.pbo, [dest]=E:\Programme\Games\Steam\steamapps\common\Arma 3\ZGM_Achilles_Collection\ZGM-17_Achilles_Opfor.ProvingGrounds_PMC.pbo
[2017-05-27 04:17:43,194] [INFO ]: Done.
[2017-05-27 04:17:43,209] [INFO ]: 
[2017-05-27 04:17:43,209] [INFO ]: Build Successful
Setting breakpad minidump AppID = 233800
Steam_SetMinidumpSteamID:  Caching Steam ID:  76561198313323281 [API loaded no]
D:  Caching Steam ID:  76561198313323281 [API loaded no]
================================
[2017-05-27 04:17:41,689] [INFO ]: WELCOME TO ADDON BUILDER
[2017-05-27 04:17:41,704] [INFO ]: Version: 1.5.141632
[2017-05-27 04:17:41,704] [INFO ]: ==========================================================================
[2017-05-27 04:17:41,704] [INFO ]: 
[2017-05-27 04:17:41,704] [INFO ]: Arma 3 Tools path retrived from Steam client: 'E:\Programme\Games\Steam\steamapps\common\Arma 3 Tools'.
[2017-05-27 04:17:41,783] [INFO ]: --------------------
[2017-05-27 04:17:41,783] [INFO ]:        Binarize -      found: 'E:\Programme\Games\Steam\steamapps\common\Arma 3 Tools\Binarize\binarize.exe'.
[2017-05-27 04:17:41,783] [INFO ]:      CfgConvert -      found: 'E:\Programme\Games\Steam\steamapps\common\Arma 3 Tools\CfgConvert\CfgConvert.exe'.
[2017-05-27 04:17:41,783] [INFO ]:      DsSignFile -      found: 'E:\Programme\Games\Steam\steamapps\common\Arma 3 Tools\DSSignFile\DSSignFile.exe'.
[2017-05-27 04:17:41,783] [INFO ]:        FileBank -      found: 'E:\Programme\Games\Steam\steamapps\common\Arma 3 Tools\FileBank\FileBank.exe'.
[2017-05-27 04:17:41,783] [INFO ]: --------------------
[2017-05-27 04:17:41,798] [INFO ]: Builder starting...
[2017-05-27 04:17:41,798] [INFO ]: Syncing folders... [source]=E:\Programme\Games\Steam\steamapps\common\Arma 3\ZGM_Achilles_Collection\ZGM-17_Achilles_Opfor.Shapur_BAF, [sync]=C:\Users\Sebastian Wellig\AppData\Local\Temp\zgm-17_achilles_opfor.shapur_baf
[2017-05-27 04:17:41,798] [INFO ]: Done.
[2017-05-27 04:17:41,814] [INFO ]: 
[2017-05-27 04:17:41,815] [INFO ]: Converting configs .[2017-05-27 04:17:43,100] [INFO ]: ==========================================================================
[2017-05-27 04:17:43,116] [INFO ]: WEL[2017-05-27 04:17:43,553] [INFO ]: ==========================================================================
[2017-05-27 04:17:43,553] [INFO ]: WELCOME TO ADDON BUILDER
[2017[2017-05-27 04:17:45,367] [INFO ]: Done.
[2017-05-27 04:17:45,367] [INFO ]: 
[2017-05-27 04:17:45,367] [INFO ]: Deleting empty folders in "C:\Users\Sebastian Wellig\AppData\Local\Temp\zgm-17_achilles_opfor.saralite"
[2017-05-27 04:17:45,367] [INFO ]: Done.
[2017-05-27 04:17:45,367] [INFO ]: 
[2017-05-27 04:17:45,367] [INFO ]: Binarizing texture headers...
[2017-05-27 04:17:45,820] [INFO ]: Done.
[2017-05-27 04:17:45,820] [INFO ]: 
[2017-05-27 04:17:45,820] [INFO ]: Packing "C:\Users\Sebastian Wellig\AppData\Local\Temp\zgm-17_achilles_opfor.saralite"...
[2017-05-27 04:17:45,909] [INFO ]: Done.
[2017-05-27 04:17:45,909] [INFO ]: 
[2017-05-27 04:17:45,909] [INFO ]: Copying PBO. [source]=C:\Users\Sebastian Wellig\AppData\Local\Temp\ZGM-17_Achilles_Opfor.SaraLite.pbo, [dest]=E:\Programme\Games\Steam\steamapps\common\Arma 3\ZGM_Achilles_Collection\ZGM-17_Achilles_Opfor.SaraLite.pbo
[2017-05-27 04:17:45,909] [INFO ]: Done.
[2017-05-27 04:17:45,909] [INFO ]: 
[2017-05-27 04:17:45,909] [INFO ]: Build Successful
Setting breakpad minidump AppID = 233800
Steam_SetMinidumpSteamID:  Caching Steam ID:  76561198313323281 [API loaded no]
I loaded no]
gramme\Games\Steam\steamapps\common\Arma 3\ZGM_Achilles_Collection\ZGM-17_Achilles_Opfor.Zargabad, [sync]=C:\Users\Sebastian Wellig\AppData\Local\Temp\zgm-17_achilles_opfor.zargabad
[2017-05-27 04:17:43,600] [INFO ]: Done.
[2017-05-27 04:17:43,600] [INFO ]: 
[2017-05-27 04:17:43,600] [INFO ]: Converting configs ...
[2017-05-27 04:17:43,662] [INFO ]:  - Converting cfg "C:\Users\Sebastian Wellig\AppData\Local\Temp\zgm-17_achilles_opfor.zargabad\config.txt"
[2017-05-27 04:17:43,741] [INFO ]:[2017-05-27 04:17:45,367] [INFO ]: Done.
[2017-05-27 04:17:45,367] [INFO ]: 
[2017-05-27 04:17:45,367] [INFO ]: Deleting empty folders in "C:\Users[2017-05-27 04:17:46,856] [INFO ]: Done.
[2017-05-27 04:17:46,872] [INFO ]: 
[2017-05-27 04:17:46,872] [INFO ]: Deleting empty folders in "C:\Users\Sebastian Wellig\AppData\Local\Temp\zgm-17_achilles_opfor.zargabad"
[2017-05-27 04:17:46,873] [INFO ]: Done.
[2017-05-27 04:17:46,873] [INFO ]: 
[2017-05-27 04:17:46,874] [INFO ]: Binarizing texture headers...
[2017-05-27 04:17:46,985] [INFO ]: Done.
[2017-05-27 04:17:46,985] [INFO ]: 
[2017-05-27 04:17:46,986] [INFO ]: Packing "C:\Users\Sebastian Wellig\AppData\Local\Temp\zgm-17_achilles_opfor.zargabad"...
[2017-05-27 04:17:47,055] [INFO ]: Done.
[2017-05-27 04:17:47,055] [INFO ]: 
[2017-05-27 04:17:47,055] [INFO ]: Copying PBO. [source]=C:\Users\Sebastian Wellig\AppData\Local\Temp\ZGM-17_Achilles_Opfor.Zargabad.pbo, [dest]=E:\Programme\Games\Steam\steamapps\common\Arma 3\ZGM_Achilles_Collection\ZGM-17_Achilles_Opfor.Zargabad.pbo
[2017-05-27 04:17:47,070] [INFO ]: Done.
[2017-05-27 04:17:47,070] [INFO ]: 
[2017-05-27 04:17:47,070] [INFO ]: Build Successful
Setting breakpad minidump AppID = 233800
Steam_SetMinidumpSteamID:  Caching Steam ID:  76561198313323281 [API loaded no]
d no]
[2017-05-27 04:17:58,425] [INFO ]: ==========================================================================
[2017-05-27 04:17:58,425] [INFO ]: WELCOME TO ADDON BUILDER
[2017-05-27 04:17:58,441] [INFO ]: Version: 1.5.141632
[2017-05-27 04:17:58,441] [INFO ]: ==========================================================================
[2017-05-27 04:17:58,441] [INFO ]: 
[2017-05-27 04:17:58,441] [INFO ]: Arma 3 Tools path retrived from Steam client: 'E:\Programme\Games\Steam\steamapps\common\Arma 3 Tools'.
[2017-05-27 04:17:58,456] [INFO ]: --------------------
[2017-05-27 04:17:58,456] [INFO ]:        Binarize -      found: 'E:\Programme\Games\Steam\steamapps\common\Arma 3 Tools\Binarize\binarize.exe'.
[2017-05-27 04:17:58,456] [INFO ]:      CfgConvert -      found: 'E:\Programme\Games\Steam\steamapps\common\Arma 3 Tools\CfgConvert\CfgConvert.exe'.
[2017-05-27 04:17:58,456] [INFO ]:      DsSignFile -      found: 'E:\Programme\Games\Steam\steamapps\common\Arma 3 Tools\DSSignFile\DSSignFile.exe'.
[2017-05-27 04:17:58,456] [INFO ]:        FileBank -      found: 'E:\Programme\Games\Steam\steamapps\common\Arma 3 Tools\FileBank\FileBank.exe'.
[2017-05-27 04:17:58,456] [INFO ]: --------------------
[2017-05-27 04:17:58,472] [INFO ]: Builder starting...
[2017-05-27 04:17:58,472] [INFO ]: Syncing folders... [source]=E:\Programme\Games\Steam\steamapps\common\Arma 3\ZGM_Achilles_Collection\ZGM-17_Achilles_Greenfor.Chernarus_Summer, [sync]=C:\Users\Sebastian Wellig\AppData\Local\Temp\zgm-17_achilles_greenfor.chernarus_summer
[2017-05-27 04:17:58,472] [INFO ]: Done.
[2017-05-27 04:17:58,472] [INFO ]: 
[2017-05-27 04:17:58,472] [INFO ]: Converting configs ...
[2017-05-27 04:17:58,535] [INFO ]:  - Converting cfg "C:\Users\Sebastian Wellig\AppData\Local\Temp\zgm-17_achilles_greenfor.chernarus_summer\c[2017-05-27 [2017-05-27 04:18:04,440] [INFO ]: Converting done.
[2017-05-27 04:18:04,440] [INFO ]: Done.
[2017-05-27 04:18:04,440] [INFO ]: 
[2017-05-27 04:18:[2017-05-27 04:18:18,282] [INFO ]: Done.
[2017-05-27 04:18:18,282] [INFO ]: 
[2017-05-27 04:18:18,282] [INFO ]: Deleting empty folders in "C:\Users\Sebastian Wellig\AppData\Local\Temp\zgm-17_achilles_greenfor.tanoa"
[2017-05-27 04:18:18,282] [INFO ]: Done.
[2017-05-27 04:18:18,282] [INFO ]: 
[2017-05-27 04:18:18,282] [INFO ]: Binarizing texture headers...
[2017-05-27 04:18:18,974] [INFO ]: Done.
[2017-05-27 04:18:18,974] [INFO ]: 
[2017-05-27 04:18:18,974] [INFO ]: Packing "C:\Users\Sebastian Wellig\AppData\Local\Temp\zgm-17_achilles_greenfor.tanoa"...
[2017-05-27 04:18:19,205] [INFO ]: Done.
[2017-05-27 04:18:19,205] [INFO ]: 
[2017-05-27 04:18:19,205] [INFO ]: Copying PBO. [source]=C:\Users\Sebastian Wellig\AppData\Local\Temp\ZGM-17_Achilles_Greenfor.Tanoa.pbo, [dest]=E:\Programme\Games\Steam\steamapps\common\Arma 3\ZGM_Achilles_Collection\ZGM-17_Achilles_Greenfor.Tanoa.pbo
[2017-05-27 04:18:19,205] [INFO ]: Done.
[2017-05-27 04:18:19,205] [INFO ]: 
[2017-05-27 04:18:19,205] [INFO ]: Build Successful
Setting breakpad minidump AppID = 233800
Steam_SetMinidumpSteamID:  Caching Steam ID:  76561198313323281 [API loaded no]
m_SetMinidumpSteamID:  Caching Steam ID:  76561198313323281 [API loaded no]
 04:18:04,644] [INFO ]: Builder starting...
[2017-05-27 04:18:04,644] [INFO ]: Syncing folders... [source]=E:\Programme\Games\Steam\steamapps\common\Arma 3\ZGM_Achilles_Collection\ZGM-17_Achilles_Greenfor.Desert_E, [sync]=C:\Users\Sebastian Wellig\AppData\Local\Temp\zgm-17_achilles_greenfor.desert_e
[2017-05-27 04:18:04,644] [INFO ]: Done.
[2017-05-27 04:18:04,644] [INFO ]: 
[2017-05-27 04:18:04,659] [INFO ]: Converting configs ...
[2017-05-27 04:18:04,690] [INFO ]:  - Converting cfg "C:\Users\Sebastian Wellig\AppData\Local\Temp\zgm-17_achilles_greenfor.desert_e\config.txt"
[2017-05-27 04:18:04,769] [INFO ]: Converting done.
[2017-05-27 04:18:04,769] [INFO ]: Done.
[2017-05-27 04:18:04,769] [INFO ]: 
[2017-05-27 04:18:04,769] [INFO ]: Binarizing ...
[2017-05-27 [2017-05-27 04:18:18,216] [INFO ]: Done.
[2017-05-27 04:18:18,216] [INFO ]: 
[2017-05-27 04:18:18,216] [INFO ]: Deleting empty folders in "C:\Users\Sebastian Wellig\AppData\Local\Temp\zgm-17_achilles_greenfor.woodland_acr"
[2017-05-27 04:18:18,216] [INFO ]: Done.
[2017-05-27 04:18:18,216] [INFO ]: 
[2017-05-27 04:18:18,216] [INFO ]: Binarizing text[201[2017-05-27 04:18:18,631] [INFO ]: Done.
[2017-05-27 04:18:18,646] [INFO ]: 
[2017-05-27 04:18:18,646] [INFO ]: Packing "C:\Users\Sebastian Wellig\AppData\Local\Temp\zgm-17_achilles_greenfor.chernarus"[2017[2017-05-27 04:18:18,881] [INFO ]: Done.
[2017-05-27 04:18:18,881] [INFO ]: 
[2017-05-27 04:18:18,881] [INFO ]: Copying PBO. [source]=C:\Users\Sebastian Wellig\AppData\Local\Temp\ZGM-17_Achilles_Greenfor.Chernarus.pbo, [dest]=E:\Programme\Games\Steam\steamapps\common\Arma 3\ZGM_Achilles_Collection\ZGM-17_Achilles_Greenfor.Chernarus.pbo
[2017-05-27 04:18:18,896] [INFO ]: Done.
[2017-05-27 04:18:18,896] [INFO ]: 
[2017-05-27 04:18:18,896] [INFO ]: Build Successful
Setting breakpad minidump AppID = 233800
Steam_SetMinidumpSteamID:  Caching Steam ID:  76561198313323281 [API loaded no]
281 [API loaded no]
d no]
3] [INFO ]: --------------------
[2017-05-27 04:18:17,208] [INFO ]: Builder starting...
[2017-05-27 04:18:17,208] [INFO ]: Syncing folders... [source]=E:\Programme\Games\Steam\steamapps\common\Arma 3\ZGM_Achilles_Collection\ZGM-17_Achilles_Greenfor.abel, [sync]=C:\Users\Sebastian Wellig\AppData\Local\Temp\zgm-17_achilles_greenfor.abel
[2017-05-27 04:18:17,208] [INFO ]: Done.
[2017-05-27 04:18:17,208] [INFO ]: 
[2017-05-27 04:18:17,208] [INFO ]: Converting configs ...
[2017-05-27 04:18:17,287] [INFO ]:  - Converting cfg "C:\Users\Sebastian Wellig\AppData\Local\Temp\zgm-17_achilles_greenfor.abel\config.txt"
[2017-05-27 04:18:17,412] [INFO ]: Converting done.
[2017-05-27 04:18:17,412] [INFO ]: Done.
[2017-05-27 04:18:17,412] [INFO ]: 
[2017-05-27 04:18:17,412] [INFO ]: Binarizing ..[20[2017-05-27 04:18:22,719] [INFO ]: Done.
[2017-05-27 04:18:23,811] [INFO ]: ==========================================================================
[2017-05-27 04:18:23,827] [INFO ]: WELCOME TO ADDON BUILDER
[2017-05-27 04:18:23,843] [INFO ]: Version: 1.5.141632
[2017-05-27 04:18:23,843] [INFO ]: ==========================================================[2017-05-27 04:18:24,289] [INFO ]: Done.
[2017-05-27 04:18:24,320] [INFO ]: 
[2017-05-27 04:18:24,320] [INFO ]: Packing "C:\Users\Sebastian Wellig\AppData\Local\Temp\zgm-17_achilles_greenfor.sara"...
[2017[2017-05-27 04:18:25,008] [INFO ]: ==========================================================================
[2017-05-27 04:18:25,008] [INFO ]: WELCOME TO ADDON BUILDER
[2017-05-27 04:18:25,024] [INFO ]: Version: 1.5.141632
[2017-05-27 04:18:25,024] [INFO ]: ==========================================================================
[2017-05-27 04:18:25,024] [INFO ]: 
[2017-05-27 04:18:25,024] [INFO ]: Arma 3 Tools path retrived from Steam client: 'E:\Programme\Games\Steam\steamapps\common\Arma 3 Tools'.
[2017-05-27 04:18:25,055] [INFO ]: --------------------
[2017-05-27 04:18:25,055] [INFO ]:        Binarize -      found: 'E:\Programme\Games\Steam\steamapps\common\Arma 3 Tools\Binarize\binarize.exe'.
[2017-05-27 04:18:25,055] [INFO ]:      CfgConvert -      found: 'E:\Programme\Games\Steam\steamapps\common\Arma 3 Tools\CfgConvert\CfgConvert.exe'.
[2017-05-27 04:18:25,055] [INFO ]:      DsSignFile -      found: 'E:\Programme\Games\Steam\steamapps\common\Arma 3 Tools\DSSignFile\DSSignFile.exe'.
[2017-05-27 04:18:25,055] [INFO ]:        FileBank -      found: 'E:\Programme\Games\Steam\steamapps\common\Arma 3 Tools\FileBank\FileBa[2017-05-27 04:18:25,258] [INFO ]: ==========================================================================
[2017-05-27 04:18:25,281] [INFO ]: WELCOME TO ADDON BUILDER
[2017-05-27 04:18:25,290] [INFO ]: Version: 1.5.141632
[2017-05-27 04:18:25,290] [INFO ]: ========================================================[2017-05-27 04:18:26,549] [INFO ]: Done.
[2017-05-27 04:18:26,549] [INFO ]: 
[2017-05-27 04:18:26,565] [INFO ]: Deleting empty folders in "C:\Users\Sebastian Wellig\AppData\Local\Temp\zgm-17_achilles_greenfor.saralite"
[2017-05-27 04:18:26,565] [INFO ]: Done.
[2017-05-27 04:18:26,565] [INFO ]: 
[2017-05-27 04:18:26,565] [INFO ]: Binarizing texture headers...
[2017-05-27 04:18:26,705] [INFO ]: Done.
[2017-05-27 04:18:26,705] [INFO ]: 
[2017-05-27 04:18:26,705] [INFO ]: Packing "C:\Users\Sebastian Wellig\A[2017-05-27 04:[2017-05-27 04:18:27,516] [INFO ]: Done.
[2017-05-27 04:18:27,516] [INFO ]: 
[2017-05-27 04:18:27,516] [INFO ]: Deleting empty folders in "C:\Users\Sebastian Wellig\AppData\Local\Temp\zgm-17_achilles_greenfor.sara_dbe1"
[2017-05-27 04:18:27,516] [INFO ]: Done.
[2017-05-27 04:18:27,516] [INFO ]: 
[2017-05-27 04:18:27,532] [INFO ]: Binarizing texture headers...
[2017-05-27 04:18:27,657] [INFO ]: Done.
[2017-05-27 04:18:27,657] [INFO ]: 
[2017-05-27 04:18:27,657] [INFO ]: Packing "C:\Users\Sebastian Wellig\AppData\Local\Temp\zgm-17_achilles_greenfor.sara_dbe1"...
[2017-05-27 04:18:28,626] [INFO ]: Done.
[2017-05-27 04:18:28,626] [INFO ]: 
[2017-05-27 04:18:28,626] [INFO ]: Copying PBO. [source]=C:\Users\Sebastian Wellig\AppData\Local\Temp\ZGM-17_Achilles_Greenfor.Sara_dbe1.pbo, [dest]=E:\Programme\Games\Steam\steamapps\common\Arma 3\ZGM_Achilles_Collection\ZGM-17_Achilles_Greenfor.Sara_dbe1.pbo
[2017-05-27 04:18:28,626] [INFO ]: Done.
[2017-05-27 04:18:28,626] [INFO ]: 
[2017-05-27 04:18:28,626] [INFO ]: Build Successful
Setting breakpad minidump AppID = 233800
Steam_SetMinidumpSteamID:  Caching Steam ID:  76561198313323281 [API loaded no]
,485] [INFO ]: Done.
[2017-05-27 04:18:27,485] [INFO ]: 
[2017-05-27 04:18:27,485] [INFO ]: Deleting empty folders in "C:\Users\Sebastian Wellig\AppData\Local\Temp\zgm-17_achilles_greenfor.zargabad"
[2017-05-27 04:18:27,485] [INFO ]: Done.
[2017-05-27 04:18:27,485] [INFO ]: 
[2017-05-27 04:18:27,485] [INFO ]: Binarizing texture headers...
[2017-05-27 04:18:27,657] [INFO ]: Done.
[2017-05-27 04:18:27,657] [INFO ]: 
[2017-05-27 04:18:27,657] [INFO ]: Packing "C:\Users\Sebastian Wellig\AppData\Local\Temp\zgm-17_achilles_greenfor.zargabad"...
[2017-05-27 04:18:28,657] [INFO ]: Done.
[2017-05-27 04:18:28,657] [INFO ]: 
[2017-05-27 04:18:28,657] [INFO ]: Copying PBO. [source]=C:\Users\Sebastian Wellig\AppData\Local\Temp\ZGM-17_Achilles_Greenfor.Zargabad.pbo, [dest]=E:\Programme\Games\Steam\steamapps\common\Arma 3\ZGM_Achilles_Collection\ZGM-17_Achilles_Greenfor.Zargabad.pbo
[2017-05-27 04:18:28,657] [INFO ]: Done.
[2017-05-27 04:18:28,657] [INFO ]: 
[2017-05-27 04:18:28,657] [INFO ]: Build Successful
Setting breakpad minidump AppID = 233800
Steam_SetMinidumpSteamID:  Caching Steam ID:  76561198313323281 [API loaded no]
